D:\FRAMEWORK-OPENGL\SIMPLEOPENGL\DEBUG\AABBCOLLIDER.OBJ
D:\FRAMEWORK-OPENGL\SIMPLEOPENGL\DEBUG\CAMERA.OBJ
D:\FRAMEWORK-OPENGL\SIMPLEOPENGL\DEBUG\CONE.OBJ
D:\FRAMEWORK-OPENGL\SIMPLEOPENGL\DEBUG\CUBE.OBJ
D:\FRAMEWORK-OPENGL\SIMPLEOPENGL\DEBUG\CYLINDER.OBJ
D:\FRAMEWORK-OPENGL\SIMPLEOPENGL\DEBUG\GAMEOBJECT.OBJ
D:\FRAMEWORK-OPENGL\SIMPLEOPENGL\DEBUG\LERP.OBJ
D:\FRAMEWORK-OPENGL\SIMPLEOPENGL\DEBUG\LIGHT.OBJ
D:\FRAMEWORK-OPENGL\SIMPLEOPENGL\DEBUG\MESH.OBJ
D:\FRAMEWORK-OPENGL\SIMPLEOPENGL\DEBUG\OBJLOADER.OBJ
D:\FRAMEWORK-OPENGL\SIMPLEOPENGL\DEBUG\OCTREE.OBJ
D:\FRAMEWORK-OPENGL\SIMPLEOPENGL\DEBUG\SHADER.OBJ
D:\FRAMEWORK-OPENGL\SIMPLEOPENGL\DEBUG\SHADERPROGRAM.OBJ
D:\FRAMEWORK-OPENGL\SIMPLEOPENGL\DEBUG\SPHERE.OBJ
D:\FRAMEWORK-OPENGL\SIMPLEOPENGL\DEBUG\SPHERECOLLIDER.OBJ
D:\FRAMEWORK-OPENGL\SIMPLEOPENGL\DEBUG\VERTEXBUFFEROBJECT.OBJ
D:\FRAMEWORK-OPENGL\SIMPLEOPENGL\DEBUG\WINDOW.OBJ
D:\FRAMEWORK-OPENGL\SIMPLEOPENGL\DEBUG\VC110.PDB
D:\framework-openGL\SimpleOpenGL\Debug\AABBCollider.obj
D:\framework-openGL\SimpleOpenGL\Debug\Camera.obj
D:\framework-openGL\SimpleOpenGL\Debug\Cone.obj
D:\framework-openGL\SimpleOpenGL\Debug\Cube.obj
D:\framework-openGL\SimpleOpenGL\Debug\Cylinder.obj
D:\framework-openGL\SimpleOpenGL\Debug\GameObject.obj
D:\framework-openGL\SimpleOpenGL\Debug\Lerp.obj
D:\framework-openGL\SimpleOpenGL\Debug\Light.obj
D:\framework-openGL\SimpleOpenGL\Debug\Mesh.obj
D:\framework-openGL\SimpleOpenGL\Debug\ObjLoader.obj
D:\framework-openGL\SimpleOpenGL\Debug\Octree.obj
D:\framework-openGL\SimpleOpenGL\Debug\Sphere.obj
D:\framework-openGL\SimpleOpenGL\Debug\SphereCollider.obj
D:\framework-openGL\SimpleOpenGL\Debug\Window.obj
D:\framework-openGL\SimpleOpenGL\Debug\cl.command.1.tlog
D:\framework-openGL\SimpleOpenGL\Debug\CL.read.1.tlog
D:\framework-openGL\SimpleOpenGL\Debug\CL.write.1.tlog
D:\framework-openGL\SimpleOpenGL\Debug\vc110.idb
D:\framework-openGL\SimpleOpenGL\Debug\vc110.pdb
